          1    0 00013050 uv_accept
          2    1 00003DF0 uv_async_init
          3    2 00003E70 uv_async_send
          4    3 00004310 uv_backend_fd
          5    4 00004320 uv_backend_timeout
          6    5 0000E970 uv_barrier_destroy
          7    6 0000E9C0 uv_barrier_init
          8    7 0000EA90 uv_barrier_wait
          9    8 00002BA0 uv_buf_init
         10    9 000023F0 uv_cancel
         11    A 0001B9D0 uv_chdir
         12    B 0000B570 uv_check_init
         13    C 0000B600 uv_check_start
         14    D 0000B660 uv_check_stop
         15    E 0000B300 uv_close
         16    F 0000EBD0 uv_cond_broadcast
         17   10 0000EC40 uv_cond_destroy
         18   11 0000ED50 uv_cond_init
         19   12 0000ED90 uv_cond_signal
         20   13 0000EE00 uv_cond_timedwait
         21   14 0000EE90 uv_cond_wait
         22   15 0001BB80 uv_cpu_info
         23   16 0001BE80 uv_cwd
         24   17 00002BB0 uv_default_loop
         25   18 000121F0 uv_disable_stdio_inheritance
         26   19 00004F00 uv_dlclose
         27   1A 00004F40 uv_dlerror
         28   1B 00004F60 uv_dlopen
         29   1C 00005000 uv_dlsym
         30   1D 00002C00 uv_err_name
         31   1E 0001C010 uv_exepath
         32   1F 00004360 uv_fileno
         33   20 0001C110 uv_free_cpu_info
         34   21 0000BA70 uv_free_interface_addresses
         35   22 0000BA70 uv_freeaddrinfo
         36   23 00007ED0 uv_fs_access
         37   24 00007FE0 uv_fs_chmod
         38   25 00008130 uv_fs_chown
         39   26 00008230 uv_fs_close
         40   27 00003000 uv_fs_event_getpath
         41   28 00009EA0 uv_fs_event_init
         42   29 0000A000 uv_fs_event_start
         43   2A 0000A400 uv_fs_event_stop
         44   2B 00008340 uv_fs_fchmod
         45   2C 00008430 uv_fs_fchown
         46   2D 00008500 uv_fs_fdatasync
         47   2E 000085E0 uv_fs_fstat
         48   2F 000086C0 uv_fs_fsync
         49   30 000087A0 uv_fs_ftruncate
         50   31 00008890 uv_fs_futime
         51   32 000089C0 uv_fs_link
         52   33 00008AC0 uv_fs_lstat
         53   34 00008BC0 uv_fs_mkdir
         54   35 00008D10 uv_fs_mkdtemp
         55   36 00008E00 uv_fs_open
         56   37 00001500 uv_fs_poll_getpath
         57   38 00001590 uv_fs_poll_init
         58   39 000015D0 uv_fs_poll_start
         59   3A 00001740 uv_fs_poll_stop
         60   3B 00008F20 uv_fs_read
         61   3C 00009080 uv_fs_readlink
         62   3D 00009180 uv_fs_realpath
         63   3E 000092A0 uv_fs_rename
         64   3F 000093A0 uv_fs_req_cleanup
         65   40 00009440 uv_fs_rmdir
         66   41 00009570 uv_fs_scandir
         67   42 00003090 uv_fs_scandir_next
         68   43 00009680 uv_fs_sendfile
         69   44 00009790 uv_fs_stat
         70   45 000098E0 uv_fs_symlink
         71   46 000099F0 uv_fs_unlink
         72   47 00009AF0 uv_fs_utime
         73   48 00009C10 uv_fs_write
         74   49 0001C160 uv_get_free_memory
         75   4A 0001C1B0 uv_get_process_title
         76   4B 0001C2A0 uv_get_total_memory
         77   4C 0000AD40 uv_getaddrinfo
         78   4D 0000B1B0 uv_getnameinfo
         79   4E 0001C2F0 uv_getrusage
         80   4F 0000B4C0 uv_guess_handle
         81   50 000031D0 uv_handle_size
         82   51 00003280 uv_has_ref
         83   52 0001C460 uv_hrtime
         84   53 0000B6D0 uv_idle_init
         85   54 0000B760 uv_idle_start
         86   55 0000B7C0 uv_idle_stop
         87   56 00001EF0 uv_inet_ntop
         88   57 00001F30 uv_inet_pton
         89   58 0001C480 uv_interface_addresses
         90   59 00003290 uv_ip4_addr
         91   5A 000032F0 uv_ip4_name
         92   5B 00003310 uv_ip6_addr
         93   5C 000033E0 uv_ip6_name
         94   5D 0000B550 uv_is_active
         95   5E 0000B560 uv_is_closing
         96   5F 00013090 uv_is_readable
         97   60 000130A0 uv_is_writable
         98   61 0000EFB0 uv_key_create
         99   62 0000EFE0 uv_key_delete
        100   63 0000F010 uv_key_get
        101   64 0000F040 uv_key_set
        102   65 00011260 uv_kill
        103   66 000130B0 uv_listen
        104   67 0001C950 uv_loadavg
        105   68 00004480 uv_loop_alive
        106   69 00003400 uv_loop_close
        107   6A 00003470 uv_loop_configure
        108   6B 000034A0 uv_loop_delete
        109   6C 000044A0 uv_loop_init
        110   6D 000034E0 uv_loop_new
        111   6E 00003540 uv_loop_size
        112   6F 0000F060 uv_mutex_destroy
        113   70 0000F070 uv_mutex_init
        114   71 0000F090 uv_mutex_lock
        115   72 0000F0A0 uv_mutex_trylock
        116   73 0000F0C0 uv_mutex_unlock
        117   74 00003550 uv_now
        118   75 0000F0D0 uv_once
        119   76 0001C960 uv_os_free_passwd
        120   77 0001C990 uv_os_get_passwd
        121   78 0001C9A0 uv_os_homedir
        122   79 0001CB60 uv_os_tmpdir
        123   7A 0000C180 uv_pipe_bind
        124   7B 0000C5D0 uv_pipe_connect
        125   7C 0000CC00 uv_pipe_getpeername
        126   7D 0000CC30 uv_pipe_getsockname
        127   7E 0000CC60 uv_pipe_init
        128   7F 0000CDE0 uv_pipe_open
        129   80 0000CF30 uv_pipe_pending_count
        130   81 0000CF50 uv_pipe_pending_instances
        131   82 0000CF70 uv_pipe_pending_type
        132   83 00010030 uv_poll_init
        133   84 00010060 uv_poll_init_socket
        134   85 00010200 uv_poll_start
        135   86 00010260 uv_poll_stop
        136   87 0000B870 uv_prepare_init
        137   88 0000B8F0 uv_prepare_start
        138   89 0000B950 uv_prepare_stop
        139   8A 00003560 uv_print_active_handles
        140   8B 00003570 uv_print_all_handles
        141   8C 000113E0 uv_process_kill
        142   8D 00002450 uv_queue_work
        143   8E 000130F0 uv_read_start
        144   8F 00013170 uv_read_stop
        145   90 00003580 uv_recv_buffer_size
        146   91 00003590 uv_ref
        147   92 000035B0 uv_replace_allocator
        148   93 000035F0 uv_req_size
        149   94 0001CD80 uv_resident_set_memory
        150   95 00004C80 uv_run
        151   96 0000F0E0 uv_rwlock_destroy
        152   97 0000F110 uv_rwlock_init
        153   98 0000F160 uv_rwlock_rdlock
        154   99 0000F1C0 uv_rwlock_rdunlock
        155   9A 0000F220 uv_rwlock_tryrdlock
        156   9B 0000F2C0 uv_rwlock_trywrlock
        157   9C 0000F300 uv_rwlock_wrlock
        158   9D 0000F330 uv_rwlock_wrunlock
        159   9E 0000F370 uv_sem_destroy
        160   9F 0000F390 uv_sem_init
        161   A0 0000F3D0 uv_sem_post
        162   A1 0000F400 uv_sem_trywait
        163   A2 0000F430 uv_sem_wait
        164   A3 00003660 uv_send_buffer_size
        165   A4 0001CDF0 uv_set_process_title
        166   A5 0001CF00 uv_setup_args
        167   A6 00013200 uv_shutdown
        168   A7 00012650 uv_signal_init
        169   A8 000126B0 uv_signal_start
        170   A9 00012790 uv_signal_stop
        171   AA 000114F0 uv_spawn
        172   AB 00003670 uv_stop
        173   AC 000132A0 uv_stream_set_blocking
        174   AD 00003680 uv_strerror
        175   AE 00003A70 uv_tcp_bind
        176   AF 00003AB0 uv_tcp_connect
        177   B0 00014310 uv_tcp_getpeername
        178   B1 00014360 uv_tcp_getsockname
        179   B2 000144C0 uv_tcp_init
        180   B3 000144D0 uv_tcp_init_ex
        181   B4 00014630 uv_tcp_keepalive
        182   B5 00014920 uv_tcp_nodelay
        183   B6 000149A0 uv_tcp_open
        184   B7 000151C0 uv_tcp_simultaneous_accepts
        185   B8 0000F450 uv_thread_create
        186   B9 0000F520 uv_thread_equal
        187   BA 0000F530 uv_thread_join
        188   BB 0000F580 uv_thread_self
        189   BC 00019690 uv_timer_again
        190   BD 00019750 uv_timer_get_repeat
        191   BE 00019760 uv_timer_init
        192   BF 000197B0 uv_timer_set_repeat
        193   C0 000197C0 uv_timer_start
        194   C1 000198B0 uv_timer_stop
        195   C2 00005100 uv_translate_sys_error
        196   C3 000132D0 uv_try_write
        197   C4 00017030 uv_tty_get_winsize
        198   C5 00017150 uv_tty_init
        199   C6 00017D80 uv_tty_reset_mode
        200   C7 00017FB0 uv_tty_set_mode
        201   C8 00003B10 uv_udp_bind
        202   C9 0001A960 uv_udp_getsockname
        203   CA 0001A9A0 uv_udp_init
        204   CB 0001A9B0 uv_udp_init_ex
        205   CC 0001AC70 uv_udp_open
        206   CD 00003B50 uv_udp_recv_start
        207   CE 00003B70 uv_udp_recv_stop
        208   CF 00003B90 uv_udp_send
        209   D0 0001AE60 uv_udp_set_broadcast
        210   D1 0001AEC0 uv_udp_set_membership
        211   D2 0001AF60 uv_udp_set_multicast_interface
        212   D3 0001B090 uv_udp_set_multicast_loop
        213   D4 0001B110 uv_udp_set_multicast_ttl
        214   D5 0001B310 uv_udp_set_ttl
        215   D6 00003BF0 uv_udp_try_send
        216   D7 00003C40 uv_unref
        217   D8 00019FB0 uv_update_time
        218   D9 0001CF10 uv_uptime
        219   DA 00003D30 uv_version
        220   DB 00003D40 uv_version_string
        221   DC 00003C60 uv_walk
        222   DD 00013320 uv_write
        223   DE 000133E0 uv_write2